0 info it worked if it ends with ok
1 verbose cli [ 'C:\\Program Files\\nodejs\\node.exe',
1 verbose cli   'C:\\Program Files\\nodejs\\node_modules\\npm\\bin\\npm-cli.js',
1 verbose cli   'start' ]
2 info using npm@3.10.8
3 info using node@v6.9.1
4 verbose run-script [ 'prestart', 'start', 'poststart' ]
5 info lifecycle generator-angular-material@1.0.0~prestart: generator-angular-material@1.0.0
6 silly lifecycle generator-angular-material@1.0.0~prestart: no script for prestart, continuing
7 info lifecycle generator-angular-material@1.0.0~start: generator-angular-material@1.0.0
8 verbose lifecycle generator-angular-material@1.0.0~start: unsafe-perm in lifecycle true
9 verbose lifecycle generator-angular-material@1.0.0~start: PATH: C:\Program Files\nodejs\node_modules\npm\bin\node-gyp-bin;C:\Users\othman.alkhamra\Desktop\AngularProject\Pilot\node_modules\.bin;C:\Program Files\Git\cmd;C:\ProgramData\Oracle\Java\javapath;C:\Program Files (x86)\iis express\PHP\v7.0;C:\oraclexe\app\oracle\product\11.2.0\server;C:\oraclexe\app\oracle\product\11.2.0\server\bin;C:\Program Files\Intel\WiFi\bin\;C:\Program Files\Common Files\Intel\WirelessCommon\;C:\Program Files\nodejs\;C:\xampp\php;C:\ProgramData\ComposerSetup\bin;C:\Windows\system32;C:\Windows;C:\Windows\System32\Wbem;C:\Windows\System32\WindowsPowerShell\v1.0\;C:\Program Files\MiKTeX 2.9\miktex\bin\x64\;C:\Program Files\Java\jdk1.8.0_65\bin;C:\Users\othman.alkhamra\AppData\Roaming\npm;C:\Users\othman.alkhamra\AppData\Roaming\Composer\vendor\bin;C:\Program Files\Git\cmd;C:\Windows\system32;C:\Windows;C:\Windows\System32\Wbem;C:\Windows\System32\WindowsPowerShell\v1.0\;C:\Program Files\MiKTeX 2.9\miktex\bin\x64\;C:\Program Files\Intel\WiFi\bin\;C:\Program Files\Common Files\Intel\WirelessCommon\;C:\Program Files\Java\jdk1.8.0_65\bin;C:\Users\othman.alkhamra\AppData\Roaming\npm;C:\Users\othman.alkhamra\AppData\Roaming\Composer\vendor\bin;C:\Program Files\Heroku\bin
10 verbose lifecycle generator-angular-material@1.0.0~start: CWD: C:\Users\othman.alkhamra\Desktop\AngularProject\Pilot
11 silly lifecycle generator-angular-material@1.0.0~start: Args: [ '/d /s /c', 'node app.js' ]
12 silly lifecycle generator-angular-material@1.0.0~start: Returned: code: 1  signal: null
13 info lifecycle generator-angular-material@1.0.0~start: Failed to exec start script
14 verbose stack Error: generator-angular-material@1.0.0 start: `node app.js`
14 verbose stack Exit status 1
14 verbose stack     at EventEmitter.<anonymous> (C:\Program Files\nodejs\node_modules\npm\lib\utils\lifecycle.js:255:16)
14 verbose stack     at emitTwo (events.js:106:13)
14 verbose stack     at EventEmitter.emit (events.js:191:7)
14 verbose stack     at ChildProcess.<anonymous> (C:\Program Files\nodejs\node_modules\npm\lib\utils\spawn.js:40:14)
14 verbose stack     at emitTwo (events.js:106:13)
14 verbose stack     at ChildProcess.emit (events.js:191:7)
14 verbose stack     at maybeClose (internal/child_process.js:877:16)
14 verbose stack     at Process.ChildProcess._handle.onexit (internal/child_process.js:226:5)
15 verbose pkgid generator-angular-material@1.0.0
16 verbose cwd C:\Users\othman.alkhamra\Desktop\AngularProject\Pilot
17 error Windows_NT 10.0.10586
18 error argv "C:\\Program Files\\nodejs\\node.exe" "C:\\Program Files\\nodejs\\node_modules\\npm\\bin\\npm-cli.js" "start"
19 error node v6.9.1
20 error npm  v3.10.8
21 error code ELIFECYCLE
22 error generator-angular-material@1.0.0 start: `node app.js`
22 error Exit status 1
23 error Failed at the generator-angular-material@1.0.0 start script 'node app.js'.
23 error Make sure you have the latest version of node.js and npm installed.
23 error If you do, this is most likely a problem with the generator-angular-material package,
23 error not with npm itself.
23 error Tell the author that this fails on your system:
23 error     node app.js
23 error You can get information on how to open an issue for this project with:
23 error     npm bugs generator-angular-material
23 error Or if that isn't available, you can get their info via:
23 error     npm owner ls generator-angular-material
23 error There is likely additional logging output above.
24 verbose exit [ 1, true ]
